BER Performance of TURBO EQUALIZATION in ISI Channel
Coding Scheme: (2,1,2) Convolutional Code
Generator polynomials are {5,7} in Octal
Minimum free distance = 5
Decoder: Viterbi Decoder with SOVA algprithm
Interleaver: S-random interleaver with S = 16
Channel Impulse Response: {0.407,0.815,0.407}
Equalizer: MLSE Equalizer with SOVA Algorithm
Number of bits of simulation = 1024000
Iterations of Turbo Equalization = 1

Eb/No     BER
0.000000 2.790742e-01 3.059141e-01 
1.000000 2.318525e-01 2.482676e-01 
2.000000 1.771689e-01 1.674492e-01 
3.000000 1.191416e-01 7.598047e-02 
4.000000 6.494434e-02 1.705273e-02 
5.000000 2.698535e-02 1.482422e-03 
6.000000 7.775391e-03 5.566406e-05 
7.000000 1.484375e-03 9.765625e-07 
8.000000 1.621094e-04 0.000000e+00 
9.000000 9.765625e-06 0.000000e+00 
10.000000 0.000000e+00 0.000000e+00 

Total elapsed time: 3377(sec)
BER Performance of TURBO EQUALIZATION in ISI Channel
Coding Scheme: (2,1,2) Convolutional Code
Generator polynomials are {5,7} in Octal
Minimum free distance = 5
Decoder: Viterbi Decoder with SOVA algprithm
Interleaver: S-random interleaver with S = 16
Channel Impulse Response: {0.407,0.815,0.407}
Equalizer: MLSE Equalizer with SOVA Algorithm
Number of bits of simulation = 1024000
Iterations of Turbo Equalization = 10

Eb/No     BER
0.000000 2.794727e-01 3.059863e-01 2.912090e-01 3.016631e-01 2.907988e-01 2.978066e-01 2.890615e-01 2.954160e-01 2.872832e-01 2.932754e-01 2.858857e-01 
1.000000 2.331836e-01 2.501094e-01 2.342148e-01 2.399746e-01 2.286504e-01 2.328965e-01 2.245313e-01 2.275371e-01 2.207080e-01 2.246396e-01 2.185068e-01 
2.000000 1.768750e-01 1.669609e-01 1.466807e-01 1.393408e-01 1.249678e-01 1.204375e-01 1.109697e-01 1.079326e-01 1.015576e-01 1.004844e-01 9.566309e-02 
3.000000 1.166348e-01 7.521289e-02 4.874707e-02 3.458203e-02 2.475684e-02 1.951953e-02 1.607324e-02 1.397168e-02 1.235059e-02 1.128711e-02 1.055273e-02 
4.000000 6.571680e-02 1.756543e-02 5.175781e-03 2.255859e-03 1.455078e-03 1.183594e-03 1.025391e-03 9.765625e-04 9.482422e-04 9.394531e-04 9.208984e-04 
5.000000 2.730469e-02 1.486328e-03 2.128906e-04 1.191406e-04 1.142578e-04 1.142578e-04 1.142578e-04 1.142578e-04 1.142578e-04 1.142578e-04 1.142578e-04 
6.000000 7.685547e-03 4.785156e-05 4.882813e-06 4.882813e-06 4.882813e-06 4.882813e-06 4.882813e-06 4.882813e-06 4.882813e-06 4.882813e-06 4.882813e-06 
7.000000 1.451172e-03 1.953125e-06 9.765625e-07 9.765625e-07 9.765625e-07 9.765625e-07 9.765625e-07 9.765625e-07 9.765625e-07 9.765625e-07 9.765625e-07 
8.000000 1.640625e-04 0.000000e+00 0.000000e+00 0.000000e+00 0.000000e+00 0.000000e+00 0.000000e+00 0.000000e+00 0.000000e+00 0.000000e+00 0.000000e+00 
9.000000 1.562500e-05 0.000000e+00 0.000000e+00 0.000000e+00 0.000000e+00 0.000000e+00 0.000000e+00 0.000000e+00 0.000000e+00 0.000000e+00 0.000000e+00 
10.000000 0.000000e+00 0.000000e+00 0.000000e+00 0.000000e+00 0.000000e+00 0.000000e+00 0.000000e+00 0.000000e+00 0.000000e+00 0.000000e+00 0.000000e+00 

Total elapsed time: 19384(sec)

BER Performance of TURBO EQUALIZATION in ISI Channel
Coding Scheme: (2,1,2) Convolutional Code
Generator polynomials are {5,7} in Octal
Minimum free distance = 5
Decoder: Viterbi Decoder with SOVA algprithm
Interleaver: S-random interleaver with S = 16
Channel Impulse Response: {0.407,0.815,0.407}
Equalizer: MLSE Equalizer with SOVA Algorithm
Number of bits of simulation = 10240000
Iterations of Turbo Equalization = 10

Eb/No     BER
0.000000 2.798168e-01 3.071605e-01 2.912465e-01 3.022434e-01 2.904476e-01 2.981992e-01 2.890891e-01 2.957040e-01 2.878024e-01 2.934600e-01 2.866055e-01 
1.000000 2.315303e-01 2.481361e-01 2.322417e-01 2.380640e-01 2.259835e-01 2.299868e-01 2.210679e-01 2.244281e-01 2.173480e-01 2.206014e-01 2.144973e-01 
2.000000 1.762337e-01 1.659952e-01 1.451517e-01 1.378833e-01 1.247447e-01 1.194548e-01 1.107815e-01 1.075140e-01 1.015823e-01 9.940410e-02 9.519561e-02 
3.000000 1.187105e-01 7.636045e-02 4.983320e-02 3.506543e-02 2.560479e-02 2.028643e-02 1.657168e-02 1.444258e-02 1.294570e-02 1.194668e-02 1.114873e-02 
4.000000 6.548730e-02 1.746514e-02 5.141602e-03 2.086426e-03 1.287402e-03 1.005762e-03 9.324219e-04 8.846680e-04 8.785156e-04 8.594727e-04 8.666016e-04 
5.000000 2.730322e-02 1.591797e-03 2.046875e-04 1.039063e-04 9.453125e-05 9.257813e-05 9.306641e-05 9.208984e-05 9.267578e-05 9.140625e-05 9.257813e-05 
6.000000 7.905078e-03 5.507813e-05 8.984375e-06 7.031250e-06 7.031250e-06 7.031250e-06 7.031250e-06 7.031250e-06 7.031250e-06 7.031250e-06 7.031250e-06 
7.000000 1.506934e-03 1.074219e-06 1.953125e-07 1.953125e-07 1.953125e-07 1.953125e-07 1.953125e-07 1.953125e-07 1.953125e-07 1.953125e-07 1.953125e-07 
8.000000 1.621094e-04 0.000000e+00 0.000000e+00 0.000000e+00 0.000000e+00 0.000000e+00 0.000000e+00 0.000000e+00 0.000000e+00 0.000000e+00 0.000000e+00 
9.000000 1.123047e-05 0.000000e+00 0.000000e+00 0.000000e+00 0.000000e+00 0.000000e+00 0.000000e+00 0.000000e+00 0.000000e+00 0.000000e+00 0.000000e+00 
10.000000 9.765625e-08 0.000000e+00 0.000000e+00 0.000000e+00 0.000000e+00 0.000000e+00 0.000000e+00 0.000000e+00 0.000000e+00 0.000000e+00 0.000000e+00 

Total elapsed time: 247459(sec)

