BER Performance of TURBO EQUALIZATION in multipath fading channel
3-path Rayleigh fading channel with equal strength
Multipath weighting factor: {0.577, 0.577, 0.577}
Coding Scheme: (2,1,2) Convolutional Code
Generator polynomials are {5,7} in Octal
Minimum free distance = 5
Decoder: MAP Decoder with modified BCJR algprithm
Interleaver: S-random interleaver with S = 128
Speed of the vehicle = 120.000000 (km/h)
Carrier Frequency = 2.000000e+09 (Hz)
Maximum Doppler Frequency = 222.222222 (Hz)
Transmission bit Rate = 1.000000e+06 (bps)
f_d * t = 0.000222
Equalizer: MAP Equalizer with modified BCJR Algorithm
Number of bits of simulation = 11468800
Iterations of Turbo Equalization = 4

Eb/No     BER
0.000000 1.494396e-01 1.403367e-01 1.395857e-01 1.394760e-01 1.394653e-01 
1.000000 9.452741e-02 8.326076e-02 8.223921e-02 8.213283e-02 8.212533e-02 
2.000000 5.175868e-02 4.099906e-02 4.011579e-02 4.004142e-02 4.002136e-02 
BER Performance of TURBO EQUALIZATION in multipath fading channel
3-path Rayleigh fading channel with equal strength
Multipath weighting factor: {0.577, 0.577, 0.577}
Coding Scheme: (2,1,2) Convolutional Code
Generator polynomials are {5,7} in Octal
Minimum free distance = 5
Decoder: MAP Decoder with modified BCJR algprithm
Interleaver: S-random interleaver with S = 128
Speed of the vehicle = 120.000000 (km/h)
Carrier Frequency = 2.000000e+09 (Hz)
Maximum Doppler Frequency = 222.222222 (Hz)
Transmission bit Rate = 1.000000e+06 (bps)
f_d * t = 0.000222
Equalizer: MAP Equalizer with modified BCJR Algorithm
Number of bits of simulation = 11468800
Iterations of Turbo Equalization = 4

Eb/No     BER
0.000000 1.494806e-01 1.403186e-01 1.395687e-01 1.394945e-01 1.394945e-01 
1.000000 9.468349e-02 8.334263e-02 8.229065e-02 8.215751e-02 8.214757e-02 
2.000000 5.167908e-02 4.119829e-02 4.027300e-02 4.022278e-02 4.020098e-02 
3.000000 2.382438e-02 1.662519e-02 1.614354e-02 1.610814e-02 1.610927e-02 
4.000000 9.158064e-03 5.539638e-03 5.345372e-03 5.336129e-03 5.339268e-03 
5.000000 2.931955e-03 1.518467e-03 1.473389e-03 1.473476e-03 1.473737e-03 
6.000000 7.419259e-04 3.381348e-04 3.296770e-04 3.295027e-04 3.292411e-04 
7.000000 1.797921e-04 7.341657e-05 7.315499e-05 7.280622e-05 7.280622e-05 
8.000000 3.374372e-05 1.238142e-05 1.229422e-05 1.229422e-05 1.229422e-05 
9.000000 4.359654e-06 2.005441e-06 2.005441e-06 2.005441e-06 2.005441e-06 
10.000000 6.103516e-07 8.719308e-08 8.719308e-08 8.719308e-08 8.719308e-08 

Total elapsed time: 74927(sec)

