BER Performance of TURBO EQUALIZATION in multipath fading channel
3-path Rayleigh fading channel with equal strength
Multipath weighting factor: {0.577, 0.577, 0.577}
Coding Scheme: (2,1,2) Convolutional Code
Generator polynomials are {5,7} in Octal
Minimum free distance = 5
Decoder: MAP Decoder with modified BCJR algprithm
Interleaver: S-random interleaver with S = 16
Speed of the vehicle = 120.000000 (km/h)
Carrier Frequency = 2.000000e+09 (Hz)
Maximum Doppler Frequency = 222.222222 (Hz)
Transmission bit Rate = 1.000000e+06 (bps)
f_d * t = 0.000222
Equalizer: MAP Equalizer with modified BCJR Algorithm
Number of bits of simulation = 122880
Iterations of Turbo Equalization = 1

Eb/No     BER
BER Performance of TURBO EQUALIZATION in multipath fading channel
3-path Rayleigh fading channel with equal strength
Multipath weighting factor: {0.577, 0.577, 0.577}
Coding Scheme: (2,1,2) Convolutional Code
Generator polynomials are {5,7} in Octal
Minimum free distance = 5
Decoder: MAP Decoder with modified BCJR algprithm
Interleaver: S-random interleaver with S = 16
Speed of the vehicle = 120.000000 (km/h)
Carrier Frequency = 2.000000e+09 (Hz)
Maximum Doppler Frequency = 222.222222 (Hz)
Transmission bit Rate = 1.000000e+06 (bps)
f_d * t = 0.000222
Equalizer: MAP Equalizer with modified BCJR Algorithm
Number of bits of simulation = 122880
Iterations of Turbo Equalization = 1

Eb/No     BER
0.000000 1.493001e-01 1.416341e-01 
5.000000 6.184896e-03 3.108724e-03 
10.000000 0.000000e+00 0.000000e+00 

Total elapsed time: 239(sec)

BER Performance of TURBO EQUALIZATION in multipath fading channel
3-path Rayleigh fading channel with equal strength
Multipath weighting factor: {0.577, 0.577, 0.577}
Coding Scheme: (2,1,2) Convolutional Code
Generator polynomials are {5,7} in Octal
Minimum free distance = 5
Decoder: MAP Decoder with modified BCJR algprithm
Interleaver: S-random interleaver with S = 64
Speed of the vehicle = 120.000000 (km/h)
Carrier Frequency = 2.000000e+09 (Hz)
Maximum Doppler Frequency = 222.222222 (Hz)
Transmission bit Rate = 1.000000e+06 (bps)
f_d * t = 0.000222
Equalizer: MAP Equalizer with modified BCJR Algorithm
Number of bits of simulation = 12288000
Iterations of Turbo Equalization = 4

Eb/No     BER
0.000000 1.527280e-01 1.444196e-01 1.436798e-01 1.436026e-01 1.435879e-01 
1.000000 1.017887e-01 9.207064e-02 9.114071e-02 9.101652e-02 9.100146e-02 
2.000000 6.063175e-02 5.139697e-02 5.056038e-02 5.047176e-02 5.047257e-02 
3.000000 3.207625e-02 2.513566e-02 2.453947e-02 2.448136e-02 2.447656e-02 
4.000000 1.480062e-02 1.054134e-02 1.022689e-02 1.019002e-02 1.018359e-02 
5.000000 6.040771e-03 3.858561e-03 3.739421e-03 3.735758e-03 3.737874e-03 
6.000000 2.136800e-03 1.239258e-03 1.203369e-03 1.200765e-03 1.201742e-03 
7.000000 6.680501e-04 3.509115e-04 3.394368e-04 3.408203e-04 3.413086e-04 
8.000000 1.841634e-04 9.082031e-05 8.789062e-05 8.797201e-05 8.813477e-05 
9.000000 4.166667e-05 2.001953e-05 1.831055e-05 1.839193e-05 1.879883e-05 
10.000000 1.025391e-05 5.452474e-06 5.533854e-06 5.533854e-06 5.533854e-06 

Total elapsed time: 94570(sec)

