BER Performance of TURBO EQUALIZATION in ISI Channel
Coding Scheme: (2,1,2) Convolutional Code
Generator polynomials are {5,7} in Octal
Minimum free distance = 5
Decoder: MAP Decoder with modified BCJR algprithm
Interleaver: S-random interleaver with S = 16
Channel Impulse Response: {0.407,0.815,0.407}
Equalizer: MAP Equalizer with modified BCJR Algorithm
Number of bits of simulation = 10240000
Iterations of Turbo Equalization = 1

Eb/No     BER
-2.000000 3.217989e-01
-1.000000 2.851119e-01
0.000000 2.394244e-01
1.000000 1.838970e-01
2.000000 1.158208e-01
3.000000 4.890088e-02
4.000000 9.759766e-03
5.000000 7.735352e-04
6.000000 2.529297e-05
7.000000 3.906250e-07
8.000000 0.000000e+00
9.000000 0.000000e+00
10.000000 0.000000e+00

Total elapsed time: 3806(sec)

BER Performance of TURBO EQUALIZATION in ISI Channel
Coding Scheme: (2,1,2) Convolutional Code
Generator polynomials are {5,7} in Octal
Minimum free distance = 5
Decoder: MAP Decoder with modified BCJR algprithm
Interleaver: S-random interleaver with S = 16
Channel Impulse Response: {0.407,0.815,0.407}
Equalizer: MAP Equalizer with modified BCJR Algorithm
Number of bits of simulation = 10240000
Iterations of Turbo Equalization = 2

Eb/No     BER
-2.000000 3.220801e-01
-1.000000 2.846807e-01
0.000000 2.387176e-01
1.000000 1.795347e-01
2.000000 1.020442e-01
3.000000 2.652461e-02
4.000000 1.886816e-03
5.000000 1.132813e-04
6.000000 6.933594e-06
7.000000 5.859375e-07
8.000000 0.000000e+00
9.000000 0.000000e+00
10.000000 0.000000e+00

Total elapsed time: 5821(sec)

BER Performance of TURBO EQUALIZATION in ISI Channel
Coding Scheme: (2,1,2) Convolutional Code
Generator polynomials are {5,7} in Octal
Minimum free distance = 5
Decoder: MAP Decoder with modified BCJR algprithm
Interleaver: S-random interleaver with S = 16
Channel Impulse Response: {0.407,0.815,0.407}
Equalizer: MAP Equalizer with modified BCJR Algorithm
Number of bits of simulation = 10240000
Iterations of Turbo Equalization = 10

Eb/No     BER
-2.000000 3.218993e-01
-1.000000 2.844658e-01
0.000000 2.386371e-01
1.000000 1.791604e-01
2.000000 9.199395e-02
3.000000 8.758301e-03
4.000000 8.105469e-04
5.000000 8.828125e-05
6.000000 5.468750e-06
7.000000 2.929688e-07
8.000000 0.000000e+00
9.000000 0.000000e+00
10.000000 0.000000e+00

Total elapsed time: 21273(sec)

BER Performance of TURBO EQUALIZATION in ISI Channel
Coding Scheme: (2,1,2) Convolutional Code
Generator polynomials are {5,7} in Octal
Minimum free distance = 5
Decoder: MAP Decoder with modified BCJR algprithm
Interleaver: S-random interleaver with S = 16
Channel Impulse Response: {0.407,0.815,0.407}
Equalizer: MAP Equalizer with modified BCJR Algorithm
Number of bits of simulation = 10240000
Iterations of Turbo Equalization = 10

Eb/No     BER
BER Performance of TURBO EQUALIZATION in ISI Channel
Coding Scheme: (2,1,2) Convolutional Code
Generator polynomials are {5,7} in Octal
Minimum free distance = 5
Decoder: MAP Decoder with modified BCJR algprithm
Interleaver: S-random interleaver with S = 16
Channel Impulse Response: {0.407,0.815,0.407}
Equalizer: MAP Equalizer with modified BCJR Algorithm
Number of bits of simulation = 10240000
Iterations of Turbo Equalization = 10

Eb/No     BER
BER Performance of TURBO EQUALIZATION in ISI Channel
Coding Scheme: (2,1,2) Convolutional Code
Generator polynomials are {5,7} in Octal
Minimum free distance = 5
Decoder: MAP Decoder with modified BCJR algprithm
Interleaver: S-random interleaver with S = 16
Channel Impulse Response: {0.407,0.815,0.407}
Equalizer: MAP Equalizer with modified BCJR Algorithm
Number of bits of simulation = 10240000
Iterations of Turbo Equalization = 10

Eb/No     BER
0.000000 2.488462e-01 2.396435e-01 2.389323e-01 2.388866e-01 2.388842e-01 2.388822e-01 2.388822e-01 2.388823e-01 2.388822e-01 2.388822e-01 2.388822e-01 
1.000000 2.039329e-01 1.826920e-01 1.790097e-01 1.783279e-01 1.782058e-01 1.781792e-01 1.781733e-01 1.781726e-01 1.781721e-01 1.781719e-01 1.781719e-01 
2.000000 1.570479e-01 1.157191e-01 1.019128e-01 9.639639e-02 9.394229e-02 9.277422e-02 9.216357e-02 9.183818e-02 9.166592e-02 9.156924e-02 9.151025e-02 
3.000000 1.091657e-01 4.868643e-02 2.631768e-02 1.710313e-02 1.292139e-02 1.093037e-02 9.869629e-03 9.287500e-03 8.959570e-03 8.755664e-03 8.632129e-03 
4.000000 6.496006e-02 9.777734e-03 1.905176e-03 9.574219e-04 8.306641e-04 8.085938e-04 8.056641e-04 8.046875e-04 8.034180e-04 8.025391e-04 8.026367e-04 
5.000000 3.026533e-02 7.958984e-04 1.162109e-04 1.000977e-04 9.990234e-05 1.000000e-04 9.990234e-05 9.990234e-05 1.000000e-04 1.000000e-04 1.000000e-04 
6.000000 9.895020e-03 2.958984e-05 6.152344e-06 6.152344e-06 6.152344e-06 6.152344e-06 6.152344e-06 6.152344e-06 6.152344e-06 6.152344e-06 6.152344e-06 
7.000000 1.980469e-03 1.269531e-06 4.882813e-07 4.882813e-07 4.882813e-07 4.882813e-07 4.882813e-07 4.882813e-07 4.882813e-07 4.882813e-07 4.882813e-07 
8.000000 2.272461e-04 0.000000e+00 0.000000e+00 0.000000e+00 0.000000e+00 0.000000e+00 0.000000e+00 0.000000e+00 0.000000e+00 0.000000e+00 0.000000e+00 
9.000000 1.386719e-05 0.000000e+00 0.000000e+00 0.000000e+00 0.000000e+00 0.000000e+00 0.000000e+00 0.000000e+00 0.000000e+00 0.000000e+00 0.000000e+00 
10.000000 6.835937e-07 0.000000e+00 0.000000e+00 0.000000e+00 0.000000e+00 0.000000e+00 0.000000e+00 0.000000e+00 0.000000e+00 0.000000e+00 0.000000e+00 

Total elapsed time: 41370(sec)

